<?xml version="1.0" encoding="UTF-8"?>
<!-- Generated by org.testng.reporters.JUnitReportReporter -->
<testsuite hostname="DESKTOP-P8R83OF" failures="0" tests="1" name="CucumberOptions.TestNGTestRunner" time="0.140" errors="0" timestamp="2022-05-18T11:08:31 IST" skipped="0">
  <testcase classname="CucumberOptions.TestNGTestRunner" name="runScenario" time="0.140"/>
  <system-out/>
</testsuite> <!-- CucumberOptions.TestNGTestRunner -->
